<?xml version="1.0" encoding="UTF-8"?>
<testsuite xmlns:xsi="http://www.w3.org/2001/XMLSchema-instance" xsi:noNamespaceSchemaLocation="https://maven.apache.org/surefire/maven-surefire-plugin/xsd/surefire-test-report-3.0.xsd" version="3.0" name="classes.MinhaClasseTest" time="0.187" tests="7" errors="0" skipped="2" failures="1">
  <properties>
    <property name="java.specification.version" value="19"/>
    <property name="sun.cpu.isalist" value="amd64"/>
    <property name="sun.jnu.encoding" value="Cp1252"/>
    <property name="java.class.path" value="C:\Users\cs384038\Java\Exercises\JUnit_TesteUnitarios\target\test-classes;C:\Users\cs384038\Java\Exercises\JUnit_TesteUnitarios\target\classes;C:\Users\cs384038\.m2\repository\org\junit\jupiter\junit-jupiter-engine\5.10.0\junit-jupiter-engine-5.10.0.jar;C:\Users\cs384038\.m2\repository\org\junit\platform\junit-platform-engine\1.10.0\junit-platform-engine-1.10.0.jar;C:\Users\cs384038\.m2\repository\org\opentest4j\opentest4j\1.3.0\opentest4j-1.3.0.jar;C:\Users\cs384038\.m2\repository\org\junit\platform\junit-platform-commons\1.10.0\junit-platform-commons-1.10.0.jar;C:\Users\cs384038\.m2\repository\org\junit\jupiter\junit-jupiter-api\5.10.0\junit-jupiter-api-5.10.0.jar;C:\Users\cs384038\.m2\repository\org\apiguardian\apiguardian-api\1.1.2\apiguardian-api-1.1.2.jar;"/>
    <property name="java.vm.vendor" value="Oracle Corporation"/>
    <property name="sun.arch.data.model" value="64"/>
    <property name="user.variant" value=""/>
    <property name="java.vendor.url" value="https://java.oracle.com/"/>
    <property name="user.timezone" value="America/Sao_Paulo"/>
    <property name="os.name" value="Windows 10"/>
    <property name="java.vm.specification.version" value="19"/>
    <property name="user.country" value="BR"/>
    <property name="sun.java.launcher" value="SUN_STANDARD"/>
    <property name="sun.boot.library.path" value="C:\Program Files\Java\jdk-19\bin"/>
    <property name="sun.java.command" value="C:\Users\cs384038\AppData\Local\Temp\surefire15143550709208881364\surefirebooter-20230906121539515_3.jar C:\Users\cs384038\AppData\Local\Temp\surefire15143550709208881364 2023-09-06T12-15-39_367-jvmRun1 surefire-20230906121539515_1tmp surefire_0-20230906121539515_2tmp"/>
    <property name="jdk.debug" value="release"/>
    <property name="surefire.test.class.path" value="C:\Users\cs384038\Java\Exercises\JUnit_TesteUnitarios\target\test-classes;C:\Users\cs384038\Java\Exercises\JUnit_TesteUnitarios\target\classes;C:\Users\cs384038\.m2\repository\org\junit\jupiter\junit-jupiter-engine\5.10.0\junit-jupiter-engine-5.10.0.jar;C:\Users\cs384038\.m2\repository\org\junit\platform\junit-platform-engine\1.10.0\junit-platform-engine-1.10.0.jar;C:\Users\cs384038\.m2\repository\org\opentest4j\opentest4j\1.3.0\opentest4j-1.3.0.jar;C:\Users\cs384038\.m2\repository\org\junit\platform\junit-platform-commons\1.10.0\junit-platform-commons-1.10.0.jar;C:\Users\cs384038\.m2\repository\org\junit\jupiter\junit-jupiter-api\5.10.0\junit-jupiter-api-5.10.0.jar;C:\Users\cs384038\.m2\repository\org\apiguardian\apiguardian-api\1.1.2\apiguardian-api-1.1.2.jar;"/>
    <property name="sun.cpu.endian" value="little"/>
    <property name="user.home" value="C:\Users\cs384038"/>
    <property name="user.language" value="pt"/>
    <property name="java.specification.vendor" value="Oracle Corporation"/>
    <property name="java.version.date" value="2023-01-17"/>
    <property name="java.home" value="C:\Program Files\Java\jdk-19"/>
    <property name="file.separator" value="\"/>
    <property name="basedir" value="C:\Users\cs384038\Java\Exercises\JUnit_TesteUnitarios"/>
    <property name="java.vm.compressedOopsMode" value="Zero based"/>
    <property name="line.separator" value="&#10;"/>
    <property name="java.vm.specification.vendor" value="Oracle Corporation"/>
    <property name="java.specification.name" value="Java Platform API Specification"/>
    <property name="surefire.real.class.path" value="C:\Users\cs384038\AppData\Local\Temp\surefire15143550709208881364\surefirebooter-20230906121539515_3.jar"/>
    <property name="user.script" value=""/>
    <property name="sun.management.compiler" value="HotSpot 64-Bit Tiered Compilers"/>
    <property name="java.runtime.version" value="19.0.2+7-44"/>
    <property name="user.name" value="CS384038"/>
    <property name="stdout.encoding" value="Cp1252"/>
    <property name="path.separator" value=";"/>
    <property name="os.version" value="10.0"/>
    <property name="java.runtime.name" value="Java(TM) SE Runtime Environment"/>
    <property name="file.encoding" value="UTF-8"/>
    <property name="java.vm.name" value="Java HotSpot(TM) 64-Bit Server VM"/>
    <property name="maven.ext.class.path" value="C:\Users\cs384038\NetBeans\NetBeans-19\netbeans\java\maven-nblib\netbeans-eventspy.jar"/>
    <property name="localRepository" value="C:\Users\cs384038\.m2\repository"/>
    <property name="java.vendor.url.bug" value="https://bugreport.java.com/bugreport/"/>
    <property name="java.io.tmpdir" value="C:\Users\cs384038\AppData\Local\Temp\"/>
    <property name="java.version" value="19.0.2"/>
    <property name="user.dir" value="C:\Users\cs384038\Java\Exercises\JUnit_TesteUnitarios"/>
    <property name="os.arch" value="amd64"/>
    <property name="java.vm.specification.name" value="Java Virtual Machine Specification"/>
    <property name="sun.os.patch.level" value=""/>
    <property name="native.encoding" value="Cp1252"/>
    <property name="java.library.path" value="C:\Program Files\Java\jdk-19\bin;C:\WINDOWS\Sun\Java\bin;C:\WINDOWS\system32;C:\WINDOWS;C:\Program Files\Common Files\Oracle\Java\javapath;C:\Program Files (x86)\Common Files\Oracle\Java\javapath;C:\WINDOWS\system32;C:\WINDOWS;C:\WINDOWS\System32\Wbem;C:\WINDOWS\System32\WindowsPowerShell\v1.0\;C:\WINDOWS\System32\OpenSSH\;C:\Program Files\dotnet\;C:\Users\cs384038\AppData\Local\Microsoft\WindowsApps;C:\Users\cs384038\AppData\Local\JetBrains\IntelliJ IDEA 2022.3.2\bin;;C:\Users\cs384038\AppData\Local\Programs\Microsoft VS Code\bin;C:\Users\cs384038\AppData\Local\Programs\Git\cmd;c:\Temp\apache-maven-3.9.4\bin;;."/>
    <property name="java.vm.info" value="mixed mode, sharing"/>
    <property name="stderr.encoding" value="Cp1252"/>
    <property name="java.vendor" value="Oracle Corporation"/>
    <property name="java.vm.version" value="19.0.2+7-44"/>
    <property name="sun.io.unicode.encoding" value="UnicodeLittle"/>
    <property name="java.class.version" value="63.0"/>
  </properties>
  <testcase name="validaJRE" classname="classes.MinhaClasseTest" time="0.061">
    <system-err><![CDATA[set. 06, 2023 12:15:40 PM classes.MinhaClasse iniciaConexao
INFO: Iniciou conexÃ£o...
set. 06, 2023 12:15:40 PM classes.MinhaClasse insereDados
INFO: Inseriu dados...
set. 06, 2023 12:15:40 PM classes.MinhaClasse removeDados
INFO: Removeu dados...
]]></system-err>
  </testcase>
  <testcase name="validacao3" classname="classes.MinhaClasseTest" time="0.003">
    <system-err><![CDATA[set. 06, 2023 12:15:40 PM classes.MinhaClasse insereDados
INFO: Inseriu dados...
set. 06, 2023 12:15:40 PM classes.MinhaClasse removeDados
INFO: Removeu dados...
]]></system-err>
  </testcase>
  <testcase name="validacao1" classname="classes.MinhaClasseTest" time="0.003">
    <system-err><![CDATA[set. 06, 2023 12:15:40 PM classes.MinhaClasse insereDados
INFO: Inseriu dados...
set. 06, 2023 12:15:40 PM classes.MinhaClasse removeDados
INFO: Removeu dados...
]]></system-err>
  </testcase>
  <testcase name="validacao2" classname="classes.MinhaClasseTest" time="0.011">
    <failure message="expected: &lt;false&gt; but was: &lt;true&gt;" type="org.opentest4j.AssertionFailedError"><![CDATA[org.opentest4j.AssertionFailedError: expected: <false> but was: <true>
	at org.junit.jupiter.api.AssertionFailureBuilder.build(AssertionFailureBuilder.java:151)
	at org.junit.jupiter.api.AssertionFailureBuilder.buildAndThrow(AssertionFailureBuilder.java:132)
	at org.junit.jupiter.api.AssertFalse.failNotFalse(AssertFalse.java:63)
	at org.junit.jupiter.api.AssertFalse.assertFalse(AssertFalse.java:36)
	at org.junit.jupiter.api.AssertFalse.assertFalse(AssertFalse.java:31)
	at org.junit.jupiter.api.Assertions.assertFalse(Assertions.java:227)
	at classes.MinhaClasseTest.validacao2(MinhaClasseTest.java:51)
	at java.base/java.lang.reflect.Method.invoke(Method.java:578)
	at java.base/java.util.ArrayList.forEach(ArrayList.java:1511)
	at java.base/java.util.ArrayList.forEach(ArrayList.java:1511)
]]></failure>
    <system-err><![CDATA[set. 06, 2023 12:15:40 PM classes.MinhaClasse insereDados
INFO: Inseriu dados...
set. 06, 2023 12:15:40 PM classes.MinhaClasse removeDados
INFO: Removeu dados...
]]></system-err>
  </testcase>
  <testcase name="validaSO" classname="classes.MinhaClasseTest" time="0.005">
    <system-err><![CDATA[set. 06, 2023 12:15:40 PM classes.MinhaClasse insereDados
INFO: Inseriu dados...
set. 06, 2023 12:15:40 PM classes.MinhaClasse removeDados
INFO: Removeu dados...
]]></system-err>
  </testcase>
  <testcase name="validaUsuarioLogado" classname="classes.MinhaClasseTest" time="0.0">
    <skipped type="org.opentest4j.TestAbortedException"><![CDATA[org.opentest4j.TestAbortedException: Assumption failed: assumption is not true
	at org.junit.jupiter.api.Assumptions.throwAssumptionFailed(Assumptions.java:316)
	at org.junit.jupiter.api.Assumptions.assumeTrue(Assumptions.java:115)
	at org.junit.jupiter.api.Assumptions.assumeTrue(Assumptions.java:66)
	at classes.MinhaClasseTest.validaUsuarioLogado(MinhaClasseTest.java:63)
	at java.base/java.lang.reflect.Method.invoke(Method.java:578)
	at java.base/java.util.ArrayList.forEach(ArrayList.java:1511)
	at java.base/java.util.ArrayList.forEach(ArrayList.java:1511)
]]></skipped>
    <system-err><![CDATA[set. 06, 2023 12:15:40 PM classes.MinhaClasse insereDados
INFO: Inseriu dados...
set. 06, 2023 12:15:40 PM classes.MinhaClasse removeDados
INFO: Removeu dados...
]]></system-err>
  </testcase>
  <testcase name="validaUsuarioLogado2" classname="classes.MinhaClasseTest" time="0.0">
    <skipped message="Environment variable [USER] does not exist"/>
  </testcase>
</testsuite>