<?xml version="1.0" encoding="UTF-8"?>
<testsuite xmlns:xsi="http://www.w3.org/2001/XMLSchema-instance" xsi:noNamespaceSchemaLocation="https://maven.apache.org/surefire/maven-surefire-plugin/xsd/surefire-test-report-3.0.xsd" version="3.0" name="classes.BancoDeDadosTest" time="0.065" tests="3" errors="0" skipped="0" failures="0">
  <properties>
[...]
</properties>
  <testcase name="validacao1" classname="classes.BancoDeDadosTest" time="0.019">
    <system-err><![CDATA[set. 05, 2023 5:46:38 PM classes.BancoDeDados iniciaConexao
INFO: Iniciou conexão...
set. 05, 2023 5:46:38 PM classes.BancoDeDados insereDados
INFO: Inseriu dados...
set. 05, 2023 5:46:38 PM classes.BancoDeDados removeDados
INFO: Removeu dados...
]]></system-err>
  </testcase>
  <testcase name="validacao2" classname="classes.BancoDeDadosTest" time="0.003">
    <system-err><![CDATA[set. 05, 2023 5:46:38 PM classes.BancoDeDados insereDados
INFO: Inseriu dados...
set. 05, 2023 5:46:38 PM classes.BancoDeDados removeDados
INFO: Removeu dados...
]]></system-err>
  </testcase>
  <testcase name="validacao3" classname="classes.BancoDeDadosTest" time="0.002">
    <system-err><![CDATA[set. 05, 2023 5:46:38 PM classes.BancoDeDados insereDados
INFO: Inseriu dados...
set. 05, 2023 5:46:38 PM classes.BancoDeDados removeDados
INFO: Removeu dados...
]]></system-err>
  </testcase>
</testsuite>