<?xml version="1.0" encoding="UTF-8"?>
<testsuite xmlns:xsi="http://www.w3.org/2001/XMLSchema-instance" xsi:noNamespaceSchemaLocation="https://maven.apache.org/surefire/maven-surefire-plugin/xsd/surefire-test-report-3.0.xsd" version="3.0" name="classes.MinhaClasseTest" time="0.187" tests="7" errors="0" skipped="2" failures="1">
  <properties>
[...]
</properties>
  <testcase name="validaJRE" classname="classes.MinhaClasseTest" time="0.061">
    <system-err><![CDATA[set. 06, 2023 12:15:40 PM classes.MinhaClasse iniciaConexao
INFO: Iniciou conexão...
set. 06, 2023 12:15:40 PM classes.MinhaClasse insereDados
INFO: Inseriu dados...
set. 06, 2023 12:15:40 PM classes.MinhaClasse removeDados
INFO: Removeu dados...
]]></system-err>
  </testcase>
  <testcase name="validacao3" classname="classes.MinhaClasseTest" time="0.003">
    <system-err><![CDATA[set. 06, 2023 12:15:40 PM classes.MinhaClasse insereDados
INFO: Inseriu dados...
set. 06, 2023 12:15:40 PM classes.MinhaClasse removeDados
INFO: Removeu dados...
]]></system-err>
  </testcase>
  <testcase name="validacao1" classname="classes.MinhaClasseTest" time="0.003">
    <system-err><![CDATA[set. 06, 2023 12:15:40 PM classes.MinhaClasse insereDados
INFO: Inseriu dados...
set. 06, 2023 12:15:40 PM classes.MinhaClasse removeDados
INFO: Removeu dados...
]]></system-err>
  </testcase>
  <testcase name="validacao2" classname="classes.MinhaClasseTest" time="0.011">
    <failure message="expected: &lt;false&gt; but was: &lt;true&gt;" type="org.opentest4j.AssertionFailedError"><![CDATA[org.opentest4j.AssertionFailedError: expected: <false> but was: <true>
	at org.junit.jupiter.api.AssertionFailureBuilder.build(AssertionFailureBuilder.java:151)
	at org.junit.jupiter.api.AssertionFailureBuilder.buildAndThrow(AssertionFailureBuilder.java:132)
	at org.junit.jupiter.api.AssertFalse.failNotFalse(AssertFalse.java:63)
	at org.junit.jupiter.api.AssertFalse.assertFalse(AssertFalse.java:36)
	at org.junit.jupiter.api.AssertFalse.assertFalse(AssertFalse.java:31)
	at org.junit.jupiter.api.Assertions.assertFalse(Assertions.java:227)
	at classes.MinhaClasseTest.validacao2(MinhaClasseTest.java:51)
	at java.base/java.lang.reflect.Method.invoke(Method.java:578)
	at java.base/java.util.ArrayList.forEach(ArrayList.java:1511)
	at java.base/java.util.ArrayList.forEach(ArrayList.java:1511)
]]></failure>
    <system-err><![CDATA[set. 06, 2023 12:15:40 PM classes.MinhaClasse insereDados
INFO: Inseriu dados...
set. 06, 2023 12:15:40 PM classes.MinhaClasse removeDados
INFO: Removeu dados...
]]></system-err>
  </testcase>
  <testcase name="validaSO" classname="classes.MinhaClasseTest" time="0.005">
    <system-err><![CDATA[set. 06, 2023 12:15:40 PM classes.MinhaClasse insereDados
INFO: Inseriu dados...
set. 06, 2023 12:15:40 PM classes.MinhaClasse removeDados
INFO: Removeu dados...
]]></system-err>
  </testcase>
  <testcase name="validaUsuarioLogado" classname="classes.MinhaClasseTest" time="0.0">
    <skipped type="org.opentest4j.TestAbortedException"><![CDATA[org.opentest4j.TestAbortedException: Assumption failed: assumption is not true
	at org.junit.jupiter.api.Assumptions.throwAssumptionFailed(Assumptions.java:316)
	at org.junit.jupiter.api.Assumptions.assumeTrue(Assumptions.java:115)
	at org.junit.jupiter.api.Assumptions.assumeTrue(Assumptions.java:66)
	at classes.MinhaClasseTest.validaUsuarioLogado(MinhaClasseTest.java:63)
	at java.base/java.lang.reflect.Method.invoke(Method.java:578)
	at java.base/java.util.ArrayList.forEach(ArrayList.java:1511)
	at java.base/java.util.ArrayList.forEach(ArrayList.java:1511)
]]></skipped>
    <system-err><![CDATA[set. 06, 2023 12:15:40 PM classes.MinhaClasse insereDados
INFO: Inseriu dados...
set. 06, 2023 12:15:40 PM classes.MinhaClasse removeDados
INFO: Removeu dados...
]]></system-err>
  </testcase>
  <testcase name="validaUsuarioLogado2" classname="classes.MinhaClasseTest" time="0.0">
    <skipped message="Environment variable [USER] does not exist"/>
  </testcase>
</testsuite>